FILE_TYPE=LIBRARY_PARTS;
PRIMITIVE 'MSASE168BB5106MTNA01','MSASE168BB5106MTNA01_Capacitor Chip Non-polarised';
  PIN
    '1':
      PIN_NUMBER='(1)';
      NO_LOAD_CHECK=BOTH;
      NO_IO_CHECK=BOTH;
      ALLOW_CONNECT=TRUE;
      PINUSE='UNSPEC';
    '2':
      PIN_NUMBER='(2)';
      NO_LOAD_CHECK=BOTH;
      NO_IO_CHECK=BOTH;
      ALLOW_CONNECT=TRUE;
      PINUSE='UNSPEC';
  END_PIN;
  BODY
    PART_NAME='MSASE168BB5106MTNA01';
    PHYS_DES_PREFIX='C';
    NO_LOAD_CHECK='TRUE';
    PIN_COUNT='2';
    BODY_NAME='MSASE168BB5106MTNA01';
    JEDEC_TYPE='CAPC1709X100N';
  END_BODY;
END_PRIMITIVE;
END.
